f304057d61d3df3c9fd992ac2b6e3833cb9325fb	accept	2026-05-12T12:06:09Z	initial-import 2026-05-12
e74f0061bb67222181640effa98c675bdb2fdaa7	cherry-picked:94064bf4bfe114ac2250a60e1f061350ffb489d3	2026-06-22T08:58:31Z	self-contained adaptation, upstream-sync 2026-06-22
feaaf4204d32c1ae098612194fd1f9da83676522	cherry-picked:94064bf4bfe114ac2250a60e1f061350ffb489d3	2026-06-22T08:58:31Z	self-contained adaptation, upstream-sync 2026-06-22
bc32841b2e9782956c71430d0dfa8162d41c3e9e	skip	2026-06-22T08:58:31Z	non-vendored / kept self-contained / no-op
e7df78bb81da39c537be810e622d2b90bbdc7dc5	skip	2026-06-22T08:58:31Z	non-vendored / kept self-contained / no-op
d54c497aa94400a496d3f2c38be10fa5f284c5a9	cherry-picked:94064bf4bfe114ac2250a60e1f061350ffb489d3	2026-06-22T08:58:31Z	self-contained adaptation, upstream-sync 2026-06-22
a36584e09eaee067c425938fd66bc7ccddf089e2	skip	2026-06-22T08:58:31Z	non-vendored / kept self-contained / no-op
b8be62ffacb0118fa3eaa29a0923c87c8c11985c	skip	2026-06-22T08:58:31Z	non-vendored / kept self-contained / no-op
fadf11d45f24e04726ca0eecac70226072f849cd	skip	2026-06-22T08:58:31Z	non-vendored / kept self-contained / no-op
bd96a9f0c61405844acdaa8c891aaab961f57eeb	skip	2026-06-22T08:58:31Z	non-vendored / kept self-contained / no-op
0288510dd61ff6ef7c2003834082ab8f2387e80e	skip	2026-06-22T08:58:31Z	non-vendored / kept self-contained / no-op
e3b90b5238f38cdea5996e16861dcae28ef52eda	skip	2026-06-22T08:58:31Z	non-vendored / kept self-contained / no-op
aaf2453fbdfe7a15c07f11d861224f34ab4b53cb	cherry-picked:94064bf4bfe114ac2250a60e1f061350ffb489d3	2026-06-22T08:58:31Z	self-contained adaptation, upstream-sync 2026-06-22
88eb3f8d040fae4a6a76e47385454a4a3fc7e19d	skip	2026-06-22T08:58:31Z	non-vendored / kept self-contained / no-op
cef541c8888c2297923bdd843659ccf9252a4674	skip	2026-06-22T08:58:31Z	non-vendored / kept self-contained / no-op
dbcb1bda030dd594482d66e8f1138ae2b9efff8f	skip	2026-06-22T08:58:31Z	non-vendored / kept self-contained / no-op
be55a7970319ede7965edbb02b5e41cba1ca82c9	skip	2026-06-22T08:58:31Z	non-vendored / kept self-contained / no-op
2bf70051928429983de3b5718d277150926f8c89	skip	2026-06-22T08:58:31Z	non-vendored / kept self-contained / no-op
59c92aa9e7f8a21b571242e571d0acc53dbda327	skip	2026-06-22T08:58:31Z	non-vendored / kept self-contained / no-op
e3d8b735ef92ec9554b07f11f408089d81289eed	skip	2026-06-22T08:58:31Z	non-vendored / kept self-contained / no-op
26ba8ae34bb3657e7dd85939fce8a5a166439f8b	skip	2026-06-22T08:58:31Z	non-vendored / kept self-contained / no-op
d75217795ce77e7aa65898d6d4056263521ced22	skip	2026-06-22T08:58:31Z	non-vendored / kept self-contained / no-op
3b37863fc3ed47f0f7acb5417ac728aff36398db	skip	2026-06-22T08:58:31Z	non-vendored / kept self-contained / no-op
dabb725dfd3efa570a0e5e3b174599db0c720426	skip	2026-06-22T08:58:31Z	non-vendored / kept self-contained / no-op
694fa30311e02c2639942308513555e61ee84a6f	skip	2026-06-22T08:58:31Z	non-vendored / kept self-contained / no-op
221ffca96736afefdc08ca7cf0b3965e9ea83f41	skip	2026-06-22T08:58:31Z	non-vendored / kept self-contained / no-op
2064fb64bce8e0914b2b1da788474b54b173dd08	skip	2026-06-22T08:58:31Z	non-vendored / kept self-contained / no-op
cbf6db4233c7e4202abaf79643f7ab395c75a2df	skip	2026-06-22T08:58:31Z	non-vendored / kept self-contained / no-op
0a4b76776dfd9979bfe013d99b5562a03b743839	skip	2026-06-22T08:58:31Z	non-vendored / kept self-contained / no-op
7d3ada9716a9ee08d6c6f775d8a78ef889e1798f	cherry-picked:94064bf4bfe114ac2250a60e1f061350ffb489d3	2026-06-22T08:58:31Z	self-contained adaptation, upstream-sync 2026-06-22
0a8105bba99d8f1cbe3c460060ab70164046024b	skip	2026-06-22T08:58:31Z	non-vendored / kept self-contained / no-op
800201f7b2829ae7c0fe67dc94c72da772dac6c2	skip	2026-06-22T08:58:31Z	non-vendored / kept self-contained / no-op
658d53e6ded8cc0eaa26a96e0580bee9381ca0e3	skip	2026-06-22T08:58:31Z	non-vendored / kept self-contained / no-op
3832253f149ea165f45a32ea727886e6d0094d60	cherry-picked:94064bf4bfe114ac2250a60e1f061350ffb489d3	2026-06-22T08:58:31Z	self-contained adaptation, upstream-sync 2026-06-22
81ddacb08b3878d07ac4fa2de60bd8a53bacba5b	skip	2026-06-22T08:58:31Z	non-vendored / kept self-contained / no-op
788b5c382b769155afcbac0d8402c3b56eae02fd	skip	2026-06-22T08:58:31Z	non-vendored / kept self-contained / no-op
ffb2fa662321045a8ace6f56f29ef8af11e19d3d	skip	2026-06-22T08:58:31Z	non-vendored / kept self-contained / no-op
ab7196a1584ac60688aeb63cf0b56a5114c4a6f3	skip	2026-06-22T08:58:31Z	non-vendored / kept self-contained / no-op
bc4cf903ff4855ce23199a8dd3bf98b3dbd7ad71	skip	2026-06-22T08:58:31Z	non-vendored / kept self-contained / no-op
801a01cc7d265e06dd9dbcef5a4c471add05a0b3	skip	2026-06-22T08:58:31Z	non-vendored / kept self-contained / no-op
e112a6b03cd7893a36760fea1d387dffa6cba80a	cherry-picked:94064bf4bfe114ac2250a60e1f061350ffb489d3	2026-06-22T08:58:31Z	self-contained adaptation, upstream-sync 2026-06-22
2e647324f90f36b4c8ef8cbca0bbda89b2a82434	skip	2026-06-22T08:58:31Z	non-vendored / kept self-contained / no-op
aa7ed40cbe9dfc863e5ec52bb1415fc8eaf2b729	skip	2026-06-22T08:58:31Z	non-vendored / kept self-contained / no-op
df129fcfce610712a737fe4bb9362e621f0752c5	skip	2026-06-22T08:58:31Z	non-vendored / kept self-contained / no-op
48f3d31fef07afef4b02fa3c822a4ee55ce6c1e0	skip	2026-06-22T08:58:31Z	non-vendored / kept self-contained / no-op
460f19f240ea3677dc6ac7a5dba9c8050e0b7bfc	skip	2026-06-22T08:58:31Z	non-vendored / kept self-contained / no-op
ee8bae40062cd6b435073368ed0c540f48c35862	skip	2026-06-22T08:58:31Z	non-vendored / kept self-contained / no-op
d20ee2684e2a9442698ac3c1e0f2c5b68c4cf296	skip	2026-06-22T08:58:31Z	non-vendored / kept self-contained / no-op
aa024cb1954fedbc8221967c080fa40b9867f994	skip	2026-06-22T08:58:31Z	non-vendored / kept self-contained / no-op
e00eadb4bb32c3d5a631ead1a5ed5d6a7c5f74e2	cherry-picked:94064bf4bfe114ac2250a60e1f061350ffb489d3	2026-06-22T08:58:31Z	self-contained adaptation, upstream-sync 2026-06-22
850873cd73d5f81826ebf512ad35d2b1e113001f	cherry-picked:5a5de50	2026-07-11T21:38:50Z	confirmed
43ea0884b07a3e67a5a07f025ce92aefa983177b	cherry-picked:5a5de50	2026-07-11T21:38:50Z	confirmed
e81f97660af0bebfdbf2e23db6a71f7dfcb9a659	cherry-picked:5a5de50	2026-07-11T21:38:50Z	confirmed
80e9dcc6857f16cc08b8e5b190393ee7591517e0	cherry-picked:5a5de50	2026-07-11T21:38:50Z	confirmed
bd453a6742fb8660bf618c298f1e2b80fb9f35e3	cherry-picked:5a5de50	2026-07-11T21:38:51Z	confirmed
386d4ff719a7c420ad1454232d0436b01f1b8c17	cherry-picked:5a5de50	2026-07-11T21:38:51Z	confirmed
d6274600ab4324239550dcd59eac4eba57ab098a	cherry-picked:5a5de50	2026-07-11T21:38:51Z	confirmed
cdec9f6eb24dbfe606e3ad9b3eb457ba09210b85	cherry-picked:5a5de50	2026-07-11T21:38:51Z	confirmed
371b9c9c9431c6cffb29a84a383e2afc725109f6	cherry-picked:5a5de50	2026-07-11T21:38:51Z	confirmed
0375c88bfb1c975241a42baba196d2c0425ae66e	cherry-picked:5a5de50	2026-07-11T21:38:51Z	confirmed
fa460cbf095a893d14bf41d3db7798cada500259	cherry-picked:5a5de50	2026-07-11T21:38:51Z	confirmed
42396a51d66f07d2f521d728108e7a6c0a1b32c2	skip	2026-07-11T21:39:17Z	
e95b1813c5b634cbc1484ca972557adcc10614c0	skip	2026-07-11T21:39:18Z	
c71fce029777f4c75b6af98025f5752a7d1e1e56	skip	2026-07-11T21:39:18Z	
8370e760d0251a3738e006aeacec6d1cb31dd208	skip	2026-07-11T21:39:19Z	
78636f8e5c045d0d9e5731add3fdba3583e9b2af	skip	2026-07-11T21:39:20Z	
5d78bd0903420f97c791f834201e550c765699f8	skip	2026-07-11T21:39:20Z	
448d0adee7cb797db5a2ad278e9e8d6c874e12af	skip	2026-07-11T21:39:22Z	
a116824938b4f1171d6ff9af536671485d28b5f1	skip	2026-07-11T21:39:23Z	
cac470445b2b225f42751a70017dce27d58186ac	skip	2026-07-11T21:39:23Z	
0894b3300f1e83cc666ed6ad075489041e3ba291	skip	2026-07-11T21:39:23Z	
3dc68005505bbcb9eb8317132eb50231df53a457	skip	2026-07-11T21:39:24Z	
79a5c9cc5563c19e303dce8c3308988bcfb007ed	skip	2026-07-11T21:39:25Z	
575d14b806abee97d9551da6bbf2680532d540e7	skip	2026-07-11T21:39:25Z	
64d9f3d49ec04c30d60e57df39225808c2dbfae3	skip	2026-07-11T21:39:25Z	
7efc3d2a3899c141f4d64e11be2227e0049db626	skip	2026-07-11T21:39:26Z	
14c13c5bf9ec1bee9926c0c1f388534f0b9ab8e8	skip	2026-07-11T21:39:26Z	
8010ddb2bbffb6b3507bb9a142dd368d30e079e0	skip	2026-07-11T21:39:27Z	
770a0504db9cc00fd4214cd73cf640aaadb65041	skip	2026-07-11T21:39:28Z	
21f59763be7bf734cd4cf138805bb653d9ffebb7	skip	2026-07-11T21:39:28Z	
0d74d01cbc64ca27778a49b38599f70c534e76a0	skip	2026-07-11T21:39:28Z	
4027ea6afdd329aefb6671ab9f2bc12482fb6d76	skip	2026-07-11T21:39:29Z	
01f0b7e11ac48b40dda92a5497e8d8ada33d39c5	skip	2026-07-11T21:39:29Z	
de7f02e2b1d01e76ae1be2af79175beecd60a8fe	skip	2026-07-11T21:39:30Z	
5c3c49df1a6c24019ea56690088810961cd3370c	skip	2026-07-11T21:39:31Z	
1e5074a1e237c9dc6727f84872cdf4f4106458df	skip	2026-07-11T21:39:31Z	
e2d606b9fcdd0eae1f92f6c3d1804d3a4557fad7	skip	2026-07-11T21:39:32Z	
46be3d60a0fca970f615ccced239803c759335df	skip	2026-07-11T21:39:32Z	
d49cd08a11923b85f72abb86c72732d66458661c	skip	2026-07-11T21:39:33Z	
039820a47d06903ea047e459a4409afcb28557b5	skip	2026-07-11T21:39:34Z	
198efb19583a0167933c1ed4a224ef9a29608f66	skip	2026-07-11T21:39:34Z	
2ba3bd848fb9bd461ec0d2491fe343789877bd13	skip	2026-07-11T21:39:35Z	
927293589bc009b2ef42db7c04e788baebbe47c7	skip	2026-07-11T21:39:36Z	
cb51924fbefc450405ff3ac63f6e4806d6a9d9d7	skip	2026-07-11T21:39:37Z	
a5c124ef9cfecc39636f426cc4ff956580d6ea10	skip	2026-07-11T21:39:37Z	
f8d12710f78752bd720e274b600d926574bb647f	skip	2026-07-11T21:39:38Z	
ee014fa8b13939195e0fe4f4c6310b5737569338	skip	2026-07-11T21:39:38Z	
8f3401d1a17ab65e92b18a6ad9d301e9addf135f	skip	2026-07-11T21:39:39Z	
8347a416143521d6ead6ce7d9cd35f2d1339fa0a	skip	2026-07-11T21:39:39Z	
eb63f6e92c1458128c84c3eff32a9d72ba6a1b8c	skip	2026-07-11T21:39:40Z	
5a7ee93f0129794acbb2950f2e9636e49b29f71a	skip	2026-07-11T21:39:40Z	
a12cca62fa4e63ee7b2fb6b955600789e6dedf63	skip	2026-07-11T21:39:40Z	
b25e2b3787334a30bf0b1afbd9204db311bf426e	skip	2026-07-11T21:39:41Z	
a83f22b60f61b4ac08a98477069988382948641a	skip	2026-07-11T21:39:41Z	
1f16ea94999086c05c3484c897161cbcbeff2862	skip	2026-07-11T21:39:41Z	
5f45f2e35a885d8d97a5d9ce7bf4f5d7bf95bc8b	skip	2026-07-11T21:39:41Z	
8cc33286333d2c757c9b3dd43635ed2451aaceb1	skip	2026-07-11T21:39:42Z	
1445797da5ee4e4054233878c0029e9276f9986a	skip	2026-07-11T21:39:42Z	
0e9a0727924c39cc2a0c7e04d04526a73bef7ac4	skip	2026-07-11T21:39:42Z	
b289481499e7b53f0618bdad754b8e784dbd773a	skip	2026-07-11T21:39:43Z	
8c2a4c554afaa5ec6efecc98258058ba69b72c48	skip	2026-07-11T21:39:43Z	
6f9e9956fd01235599cdba40f5b8ca3a92fc0045	skip	2026-07-11T21:39:44Z	
53c6219cd2a1d2746d6ee59705862f171ea09451	skip	2026-07-11T21:39:44Z	
c808f64f92688e324770f8088160a26d96c959a0	skip	2026-07-11T21:39:45Z	
913a1058816257f4720b82bd5b11d0cee7602582	skip	2026-07-11T21:39:45Z	
299eb0c0171c06ee1d9a16a9235912ba6893fd57	skip	2026-07-11T21:39:46Z	
3ea01314c16e374230be29cd8b067924f000ea6e	skip	2026-07-11T21:39:47Z	
7d34a8dc38bdb34dadb69109aa2173aad69d8514	skip	2026-07-11T21:39:47Z	
97dca07b64b3656061f485733e818a412af7764b	skip	2026-07-11T21:39:48Z	
0172e61e57c9cae07955e8e30a0f010cee3dbe54	skip	2026-07-11T21:39:48Z	
55511cea24e163655a8cb7f9e463acb0913b7fdc	skip	2026-07-11T21:39:49Z	
ad99c73a2d28e9642118137d2f2f672a9b56bb52	skip	2026-07-11T21:39:50Z	
9b43c3359b1600c6ac47857f5834a39a371235c1	skip	2026-07-11T21:39:50Z	
5a7f7e5c2ae225bf57ad45244509df5686e6e8b7	skip	2026-07-11T21:39:50Z	
80f29a4f29a6df088020916f30453d5e1a9cf6f5	skip	2026-07-11T21:39:51Z	
7be28cf5e64a7c990e42db44ea97665df2adfa75	skip	2026-07-11T21:39:51Z	
0847bb31bcdc97bc28792adb1069d4e4b845976f	skip	2026-07-11T21:39:52Z	
af6d6922c3e2b5288eef155346cbe319e4ed3bd0	skip	2026-07-11T21:39:52Z	
e5932a7a47e5cae312c1b814ce6194b09aa27be1	skip	2026-07-11T21:39:53Z	
d05f2fb5b5b7ccbcf3696c97145322884e920738	skip	2026-07-11T21:39:53Z	
16a2a5cd00b4416f673f4ff38c7971a04dd708e7	skip	2026-07-11T21:39:53Z	
a0329ba95751f58566ed7ab484475917a68f1629	skip	2026-07-11T21:39:53Z	
aa591116bf50ca37c49e0715cd2de4c4fc6c1726	skip	2026-07-11T21:39:54Z	
f219e663795dd06357bfb1e1ce5b0afb4fd7d94f	skip	2026-07-11T21:39:54Z	
d869d45afc32beab1c2d1350f8de5e81589512cd	skip	2026-07-11T21:39:54Z	
93f73198e3588c1844733b67feaffa5b58812ff3	skip	2026-07-11T21:39:55Z	
c5a4a8c2e966e28628f56d1bfef07f401d399df0	skip	2026-07-11T21:39:55Z	
09a72ba465bc1d347a0358af049a7f27cd04ff31	skip	2026-07-11T21:39:55Z	
d29732e49f60a71e2036471c8eaa31631bf5151c	skip	2026-07-11T21:39:56Z	
639df6e7386dfddc739b2aecdeff37a876f2483b	skip	2026-07-11T21:39:56Z	
0557d57579d9b3d39839fdaf8d4a6542b17539ce	skip	2026-07-11T21:39:57Z	
44eed545186ffd0263e8004867750b80cfddd215	skip	2026-07-11T21:39:58Z	
19c50d50fd1f1fd73cffc4de61a1aabee4cf8728	skip	2026-07-11T21:39:58Z	
30a9c7447faf38152983ed9ae20dffdfe4ba9b77	skip	2026-07-11T21:39:59Z	
d80ff7a84022d39a4cd2754ced04822be0d654a5	skip	2026-07-11T21:39:59Z	
f947f93b92ec22c22edad13ab78af2af1983a0fd	skip	2026-07-11T21:39:59Z	
3ea30afc6852debbe5d6ce2835d9ab64e21ae4fa	skip	2026-07-11T21:40:00Z	
3687fb4f381409d4fdd35091be94689d5addcf15	skip	2026-07-11T21:40:01Z	
2ee14df19c2bbea2303e0a187e8619a5ddef8817	skip	2026-07-11T21:40:01Z	
391a2701dd948f94f56a39f7533f8eea9a859c87	skip	2026-07-11T21:40:01Z	
